d:\documents\graduateprojects\cpcs-5700\assn-1\checkerboard\debug\vc140.pdb
d:\documents\graduateprojects\cpcs-5700\assn-1\checkerboard\debug\vc140.idb
d:\documents\graduateprojects\cpcs-5700\assn-1\checkerboard\debug\clearglslapp.obj
d:\documents\graduateprojects\cpcs-5700\assn-1\checkerboard\debug\testgl.obj
d:\documents\graduateprojects\cpcs-5700\assn-1\checkerboard\debug\chessboard.obj
d:\documents\graduateprojects\cpcs-5700\assignments\debug\vc140.pdb
d:\documents\graduateprojects\cpcs-5700\assignments\debug\vc140.idb
d:\documents\graduateprojects\cpcs-5700\assignments\debug\chessboard.obj
d:\documents\graduateprojects\cpcs-5700\assignments\debug\testgl.obj
d:\documents\graduateprojects\cpcs-5700\assn-1\checkerboard\debug\checkerboard.ilk
d:\documents\graduateprojects\cpcs-5700\assn-1\checkerboard\debug\checkerboard.exe
d:\documents\graduateprojects\cpcs-5700\assn-1\checkerboard\debug\checkerboard.pdb
d:\documents\graduateprojects\cpcs-5700\assignments\debug\clearglslapp.obj
d:\documents\graduateprojects\cpcs-5700\assignments\debug\checkerboard.ilk
d:\documents\graduateprojects\cpcs-5700\assignments\debug\checkerboard.pdb
d:\documents\graduateprojects\cpcs-5700\assignments\debug\checkerboard.exe
d:\documents\graduateprojects\cpcs-5700\assignments\debug\checkerboard.tlog\cl.command.1.tlog
d:\documents\graduateprojects\cpcs-5700\assignments\debug\checkerboard.tlog\cl.read.1.tlog
d:\documents\graduateprojects\cpcs-5700\assignments\debug\checkerboard.tlog\cl.write.1.tlog
d:\documents\graduateprojects\cpcs-5700\assignments\debug\checkerboard.tlog\link.command.1.tlog
d:\documents\graduateprojects\cpcs-5700\assignments\debug\checkerboard.tlog\link.read.1.tlog
d:\documents\graduateprojects\cpcs-5700\assignments\debug\checkerboard.tlog\link.write.1.tlog
