d:\documents\graduateprojects\cpcs-5700\assignments\debug\vc140.pdb
d:\documents\graduateprojects\cpcs-5700\assignments\debug\vc140.idb
d:\documents\graduateprojects\cpcs-5700\assignments\debug\letterapp.obj
d:\documents\graduateprojects\cpcs-5700\assignments\debug\letterfromtriangles.obj
d:\documents\graduateprojects\cpcs-5700\assignments\debug\assign3.obj
d:\documents\graduateprojects\cpcs-5700\assignments\debug\rotatingletter.obj
d:\documents\graduateprojects\cpcs-5700\assignments\debug\graphicshomework.ilk
d:\documents\graduateprojects\cpcs-5700\assignments\debug\graphicshomework.exe
d:\documents\graduateprojects\cpcs-5700\assignments\debug\graphicshomework.pdb
d:\documents\graduateprojects\cpcs-5700\assignments\debug\chessboard.obj
d:\documents\graduateprojects\cpcs-5700\assignments\debug\glsl.obj
d:\documents\graduateprojects\cpcs-5700\assignments\debug\simplesttriangle.obj
d:\documents\graduateprojects\cpcs-5700\assignments\debug\testgl.obj
d:\documents\graduateprojects\cpcs-5700\assignments\debug\checkerboard.ilk
d:\documents\graduateprojects\cpcs-5700\assignments\debug\checkerboard.pdb
d:\documents\graduateprojects\cpcs-5700\assignments\debug\graphicshomework.tlog\cl.command.1.tlog
d:\documents\graduateprojects\cpcs-5700\assignments\debug\graphicshomework.tlog\cl.read.1.tlog
d:\documents\graduateprojects\cpcs-5700\assignments\debug\graphicshomework.tlog\cl.write.1.tlog
d:\documents\graduateprojects\cpcs-5700\assignments\debug\graphicshomework.tlog\link.command.1.tlog
d:\documents\graduateprojects\cpcs-5700\assignments\debug\graphicshomework.tlog\link.read.1.tlog
d:\documents\graduateprojects\cpcs-5700\assignments\debug\graphicshomework.tlog\link.write.1.tlog
